Unity Editor version:    2020.3.22f1 (e1a7f79fd887)
Branch:                  2020.3/staging
Build type:              Release
Batch mode:              YES
macOS version:           Version 11.6 (Build 20G165)
Darwin version:          20.6.0
Architecture:            x86_64
Running under Rosetta:   NO
Available memory:        8192 MB
Using pre-set license
Pro License: NO

COMMAND LINE ARGUMENTS:
/Applications/Unity/Hub/Editor/2020.3.22f1/Unity.app/Contents/MacOS/Unity
-adb2
-batchMode
-noUpm
-name
AssetImportWorker0
-projectPath
/Users/marie/Documents/GitHub/New Unity Project/dont_forget_your_way/Dont forget your way
-logFile
Logs/AssetImportWorker0.log
-srvPort
51047
Successfully changed project path to: /Users/marie/Documents/GitHub/New Unity Project/dont_forget_your_way/Dont forget your way
/Users/marie/Documents/GitHub/New Unity Project/dont_forget_your_way/Dont forget your way
Using Asset Import Pipeline V2.
Refreshing native plugins compatible for Editor in 49.15 ms, found 2 plugins.
Preloading 0 native plugins for Editor in 0.00 ms.
Initialize engine version: 2020.3.22f1 (e1a7f79fd887)
[Subsystems] Discovering subsystems at path /Applications/Unity/Hub/Editor/2020.3.22f1/Unity.app/Contents/Resources/UnitySubsystems
[Subsystems] Discovering subsystems at path /Users/marie/Documents/GitHub/New Unity Project/dont_forget_your_way/Dont forget your way/Assets
GfxDevice: creating device client; threaded=0
2021-11-13 12:42:09.820 Unity[5608:107123] Color LCD preferred device: Intel(R) Iris(TM) Graphics 550 (low power)
2021-11-13 12:42:09.820 Unity[5608:107123] Metal devices available: 1
2021-11-13 12:42:09.820 Unity[5608:107123] 0: Intel(R) Iris(TM) Graphics 550 (low power)
2021-11-13 12:42:09.820 Unity[5608:107123] Using device Intel(R) Iris(TM) Graphics 550 (low power)
Initializing Metal device caps: Intel(R) Iris(TM) Graphics 550
Initialize mono
Mono path[0] = '/Applications/Unity/Hub/Editor/2020.3.22f1/Unity.app/Contents/Managed'
Mono path[1] = '/Applications/Unity/Hub/Editor/2020.3.22f1/Unity.app/Contents/MonoBleedingEdge/lib/mono/unityjit'
Mono config path = '/Applications/Unity/Hub/Editor/2020.3.22f1/Unity.app/Contents/MonoBleedingEdge/etc'
Using monoOptions --debugger-agent=transport=dt_socket,embedding=1,server=y,suspend=n,address=127.0.0.1:56608
Begin MonoManager ReloadAssembly
Registering precompiled unity dll's ...
Register platform support module: /Applications/Unity/Hub/Editor/2020.3.22f1/PlaybackEngines/WebGLSupport/UnityEditor.WebGL.Extensions.dll
Register platform support module: /Applications/Unity/Hub/Editor/2020.3.22f1/Unity.app/Contents/PlaybackEngines/MacStandaloneSupport/UnityEditor.OSXStandalone.Extensions.dll
Registered in 0.006470 seconds.
Native extension for OSXStandalone target not found
Native extension for WebGL target not found
Refreshing native plugins compatible for Editor in 40.63 ms, found 2 plugins.
Preloading 0 native plugins for Editor in 0.00 ms.
Mono: successfully reloaded assembly
- Completed reload, in  6.320 seconds
Domain Reload Profiling:
	ReloadAssembly (6320ms)
		BeginReloadAssembly (75ms)
			ExecutionOrderSort (0ms)
			DisableScriptedObjects (0ms)
			BackupInstance (0ms)
			ReleaseScriptingObjects (0ms)
			CreateAndSetChildDomain (1ms)
		EndReloadAssembly (815ms)
			LoadAssemblies (90ms)
			RebuildTransferFunctionScriptingTraits (0ms)
			SetupTypeCache (274ms)
			ReleaseScriptCaches (0ms)
			RebuildScriptCaches (52ms)
			SetupLoadedEditorAssemblies (343ms)
				LogAssemblyErrors (0ms)
				InitializePlatformSupportModulesInManaged (7ms)
				SetLoadedEditorAssemblies (0ms)
				RefreshPlugins (41ms)
				BeforeProcessingInitializeOnLoad (43ms)
				ProcessInitializeOnLoadAttributes (192ms)
				ProcessInitializeOnLoadMethodAttributes (59ms)
				AfterProcessingInitializeOnLoad (0ms)
				EditorAssembliesLoaded (0ms)
			ExecutionOrderSort2 (0ms)
			AwakeInstancesAfterBackupRestoration (0ms)
Platform modules already initialized, skipping
Registering precompiled user dll's ...
Registered in 0.010279 seconds.
Begin MonoManager ReloadAssembly
Native extension for OSXStandalone target not found
Native extension for WebGL target not found
Refreshing native plugins compatible for Editor in 0.52 ms, found 2 plugins.
Preloading 0 native plugins for Editor in 0.00 ms.
Mono: successfully reloaded assembly
- Completed reload, in  2.287 seconds
Domain Reload Profiling:
	ReloadAssembly (2289ms)
		BeginReloadAssembly (254ms)
			ExecutionOrderSort (0ms)
			DisableScriptedObjects (7ms)
			BackupInstance (0ms)
			ReleaseScriptingObjects (0ms)
			CreateAndSetChildDomain (54ms)
		EndReloadAssembly (1833ms)
			LoadAssemblies (236ms)
			RebuildTransferFunctionScriptingTraits (0ms)
			SetupTypeCache (554ms)
			ReleaseScriptCaches (1ms)
			RebuildScriptCaches (97ms)
			SetupLoadedEditorAssemblies (752ms)
				LogAssemblyErrors (0ms)
				InitializePlatformSupportModulesInManaged (10ms)
				SetLoadedEditorAssemblies (1ms)
				RefreshPlugins (1ms)
				BeforeProcessingInitializeOnLoad (135ms)
				ProcessInitializeOnLoadAttributes (582ms)
				ProcessInitializeOnLoadMethodAttributes (20ms)
				AfterProcessingInitializeOnLoad (3ms)
				EditorAssembliesLoaded (0ms)
			ExecutionOrderSort2 (0ms)
			AwakeInstancesAfterBackupRestoration (12ms)
Platform modules already initialized, skipping
Validating Project structure ... 0.000406 seconds.
Shader import version has changed; will reimport all shaders...
Upgrading shader files ...0.000386 seconds.
Application.AssetDatabase Initial Script Refresh Start
RefreshInfo: InitialScriptRefreshV2(NoUpdateAssetOptions) scanfilter:  ... 1 filters
RefreshProfiler: Total: 0.000ms
Application.AssetDatabase Initial Script Refresh End
Application.AssetDatabase.Refresh Start
Application.AssetDatabase.Refresh End
RefreshInfo: StopAssetImportingV2(ForceSynchronousImport) scanfilter: 
RefreshProfiler: Total: 0.000ms
Launching external process: /Applications/Unity/Hub/Editor/2020.3.22f1/Unity.app/Contents/Tools/UnityShaderCompiler
Launched and connected shader compiler UnityShaderCompiler after 0.04 seconds
Initializing Unity extensions:
========================================================================
Worker process is ready to serve import requests
Refreshing native plugins compatible for Editor in 0.44 ms, found 2 plugins.
Preloading 0 native plugins for Editor in 0.00 ms.
Unloading 1640 Unused Serialized files (Serialized files now loaded: 0)
System memory in use before: 196.9 MB.
System memory in use after: 196.6 MB.

Unloading 123 unused Assets to reduce memory usage. Loaded Objects now: 2132.
Total: 4.249412 ms (FindLiveObjects: 0.214608 ms CreateObjectMapping: 0.064646 ms MarkObjects: 3.711516 ms  DeleteObjects: 0.257555 ms)

AssetImportParameters requested are different than current active one (requested -> active):
  custom:video-decoder-ogg-theora: a1e56fd34408186e4bbccfd4996cb3dc -> 
  custom:container-muxer-webm: aa71ff27fc2769a1b78a27578f13a17b -> 
  custom:container-demuxer-webm: 4f35f7cbe854078d1ac9338744f61a02 -> 
  custom:container-demuxer-ogg: 62fdf1f143b41e24485cea50d1cbac27 -> 
  custom:video-encoder-webm-vp8: eb34c28f22e8b96e1ab97ce403110664 -> 
  custom:framework-osx-AVFoundation: e770b220cccbd017edd2c1fefb359320 -> 
  custom:video-decoder-webm-vp8: 9c59270c3fd7afecdb556c50c9e8de78 -> 
  custom:audio-decoder-ogg-vorbis: bf7c407c2cedff20999df2af8eb42d56 -> 
  custom:audio-encoder-webm-vorbis: bf7c407c2cedff20999df2af8eb42d56 -> 
========================================================================
Received Import Request.
  path: Assets/Scenes
  artifactKey: Guid(3d6fb04806285954a904513bb5460333) Importer(815301076,1909f56bfc062723c751e8b465ee728b)
Start importing Assets/Scenes using Guid(3d6fb04806285954a904513bb5460333) Importer(815301076,1909f56bfc062723c751e8b465ee728b)  -> (artifact id: '8bd6dcc2de178b92c975364f6aff3f94') in 0.004585 seconds 
  Import took 0.007492 seconds .

========================================================================
Received Prepare
Refreshing native plugins compatible for Editor in 9.49 ms, found 2 plugins.
Preloading 0 native plugins for Editor in 0.00 ms.
Unloading 12 Unused Serialized files (Serialized files now loaded: 0)
System memory in use before: 162.9 MB.
System memory in use after: 163.0 MB.

Unloading 12 unused Assets to reduce memory usage. Loaded Objects now: 2132.
Total: 3.850912 ms (FindLiveObjects: 0.226138 ms CreateObjectMapping: 0.077490 ms MarkObjects: 3.526986 ms  DeleteObjects: 0.019390 ms)

AssetImportParameters requested are different than current active one (requested -> active):
  custom:video-decoder-ogg-theora: a1e56fd34408186e4bbccfd4996cb3dc -> 
  custom:container-muxer-webm: aa71ff27fc2769a1b78a27578f13a17b -> 
  custom:container-demuxer-webm: 4f35f7cbe854078d1ac9338744f61a02 -> 
  custom:container-demuxer-ogg: 62fdf1f143b41e24485cea50d1cbac27 -> 
  custom:video-encoder-webm-vp8: eb34c28f22e8b96e1ab97ce403110664 -> 
  custom:framework-osx-AVFoundation: e770b220cccbd017edd2c1fefb359320 -> 
  custom:video-decoder-webm-vp8: 9c59270c3fd7afecdb556c50c9e8de78 -> 
  custom:audio-decoder-ogg-vorbis: bf7c407c2cedff20999df2af8eb42d56 -> 
  custom:audio-encoder-webm-vorbis: bf7c407c2cedff20999df2af8eb42d56 -> 
========================================================================
Received Import Request.
  Time since last request: 3389.611808 seconds.
  path: Assets/Scenes/floor_tiles_M.unity
  artifactKey: Guid(9c9d1a4f60aee4498bf4725ac0c94b07) Importer(815301076,1909f56bfc062723c751e8b465ee728b)
Start importing Assets/Scenes/floor_tiles_M.unity using Guid(9c9d1a4f60aee4498bf4725ac0c94b07) Importer(815301076,1909f56bfc062723c751e8b465ee728b)  -> (artifact id: '4b7edc22c8010ccbadbe2293a7c3f819') in 0.350660 seconds 
  Import took 0.557569 seconds .

========================================================================
Received Import Request.
  Time since last request: 27.971173 seconds.
  path: Assets/FBX
  artifactKey: Guid(f0dc5ae351245419fb4a76cce46860c8) Importer(815301076,1909f56bfc062723c751e8b465ee728b)
Start importing Assets/FBX using Guid(f0dc5ae351245419fb4a76cce46860c8) Importer(815301076,1909f56bfc062723c751e8b465ee728b)  -> (artifact id: '3cc4ddcccf909e0565448f435fcbdfd8') in 0.002883 seconds 
  Import took 0.010736 seconds .

========================================================================
Received Import Request.
  Time since last request: 6.889156 seconds.
  path: Assets/FBX/deadend.fbx
  artifactKey: Guid(ac2a418e049f945559e66170c6128e5a) Importer(815301076,1909f56bfc062723c751e8b465ee728b)
Start importing Assets/FBX/deadend.fbx using Guid(ac2a418e049f945559e66170c6128e5a) Importer(815301076,1909f56bfc062723c751e8b465ee728b)  -> (artifact id: '1afc04563071d149e3d256e9d5612c42') in 2.470040 seconds 
  Import took 2.479110 seconds .

========================================================================
Received Import Request.
  Time since last request: 3.172159 seconds.
  path: Assets/FBX/intersection.fbx
  artifactKey: Guid(b47e38e77c1844fe18ebf8d467e9d156) Importer(815301076,1909f56bfc062723c751e8b465ee728b)
Start importing Assets/FBX/intersection.fbx using Guid(b47e38e77c1844fe18ebf8d467e9d156) Importer(815301076,1909f56bfc062723c751e8b465ee728b)  -> (artifact id: '65577a2a87ef5045566bbc852812e986') in 0.145484 seconds 
  Import took 0.162609 seconds .

========================================================================
Received Import Request.
  Time since last request: 41.472192 seconds.
  path: Assets/floor_green.mat
  artifactKey: Guid(10e26b32e72a94e44af0bb8f4644f0d9) Importer(815301076,1909f56bfc062723c751e8b465ee728b)
Start importing Assets/floor_green.mat using Guid(10e26b32e72a94e44af0bb8f4644f0d9) Importer(815301076,1909f56bfc062723c751e8b465ee728b)  -> (artifact id: '7a9115ab0573825276575121c36dab2c') in 2.040544 seconds 
  Import took 2.050258 seconds .

========================================================================
Received Import Request.
  Time since last request: 37.441053 seconds.
  path: Assets/Material
  artifactKey: Guid(7cc664cbbeb7e4b27838da1c3c49bdc7) Importer(815301076,1909f56bfc062723c751e8b465ee728b)
Start importing Assets/Material using Guid(7cc664cbbeb7e4b27838da1c3c49bdc7) Importer(815301076,1909f56bfc062723c751e8b465ee728b)  -> (artifact id: '8b5228deff7392a886e694a8a25aadef') in 0.003146 seconds 
  Import took 0.009506 seconds .

========================================================================
Received Import Request.
  Time since last request: 58.181706 seconds.
  path: Assets/FBX/Forest_pack_v1.FBX
  artifactKey: Guid(20c42dca5674241b2a92198098d5c5f2) Importer(815301076,1909f56bfc062723c751e8b465ee728b)
Start importing Assets/FBX/Forest_pack_v1.FBX using Guid(20c42dca5674241b2a92198098d5c5f2) Importer(815301076,1909f56bfc062723c751e8b465ee728b)  -> (artifact id: 'a69a7eada7160e6f73e1f69ad96958a7') in 1.972190 seconds 
  Import took 1.979690 seconds .

========================================================================
Received Import Request.
  Time since last request: 115.627474 seconds.
  path: Assets/Material/Fir_v1.png
  artifactKey: Guid(6272b6df6911e4c2dbaeaef36dc16aa8) Importer(815301076,1909f56bfc062723c751e8b465ee728b)
Start importing Assets/Material/Fir_v1.png using Guid(6272b6df6911e4c2dbaeaef36dc16aa8) Importer(815301076,1909f56bfc062723c751e8b465ee728b)  -> (artifact id: '713b43ff7cf922c83503032236c577e5') in 0.901896 seconds 
  Import took 0.917971 seconds .

========================================================================
Received Import Request.
  Time since last request: 17.153139 seconds.
  path: Assets/Material/baum.mat
  artifactKey: Guid(1b7d33928c53147d880e1763cebd1768) Importer(815301076,1909f56bfc062723c751e8b465ee728b)
Start importing Assets/Material/baum.mat using Guid(1b7d33928c53147d880e1763cebd1768) Importer(815301076,1909f56bfc062723c751e8b465ee728b)  -> (artifact id: 'fcfad55417274ef7542bdbdfe75bd8f2') in 0.071791 seconds 
  Import took 0.089479 seconds .

========================================================================
Received Import Request.
  Time since last request: 24.838917 seconds.
  path: Assets/Material/Fir_v1.png
  artifactKey: Guid(6272b6df6911e4c2dbaeaef36dc16aa8) Importer(815301076,1909f56bfc062723c751e8b465ee728b)
Start importing Assets/Material/Fir_v1.png using Guid(6272b6df6911e4c2dbaeaef36dc16aa8) Importer(815301076,1909f56bfc062723c751e8b465ee728b)  -> (artifact id: 'dac9a6fd9bd3fd5d985a8f5d6dbdcd1d') in 0.175976 seconds 
  Import took 0.182433 seconds .

========================================================================
Received Import Request.
  Time since last request: 18.428478 seconds.
  path: Assets/Material/Fir_v1 1.png
  artifactKey: Guid(38ab7e2128e5d483487a4b30fe3fc90f) Importer(815301076,1909f56bfc062723c751e8b465ee728b)
Start importing Assets/Material/Fir_v1 1.png using Guid(38ab7e2128e5d483487a4b30fe3fc90f) Importer(815301076,1909f56bfc062723c751e8b465ee728b)  -> (artifact id: 'b30c92afef7155cc1d1ea642233191bb') in 0.021303 seconds 
  Import took 0.028259 seconds .

========================================================================
Received Import Request.
  Time since last request: 20.705391 seconds.
  path: Assets/Material/Fir_v1 1.png
  artifactKey: Guid(38ab7e2128e5d483487a4b30fe3fc90f) Importer(815301076,1909f56bfc062723c751e8b465ee728b)
Start importing Assets/Material/Fir_v1 1.png using Guid(38ab7e2128e5d483487a4b30fe3fc90f) Importer(815301076,1909f56bfc062723c751e8b465ee728b)  -> (artifact id: 'ad0edb20a1ef2e8232cacc6a0131df2a') in 0.185561 seconds 
  Import took 0.196463 seconds .

========================================================================
Received Import Request.
  Time since last request: 63.013345 seconds.
  path: Assets/Material/baum.mat
  artifactKey: Guid(1b7d33928c53147d880e1763cebd1768) Importer(815301076,1909f56bfc062723c751e8b465ee728b)
Start importing Assets/Material/baum.mat using Guid(1b7d33928c53147d880e1763cebd1768) Importer(815301076,1909f56bfc062723c751e8b465ee728b)  -> (artifact id: '53395352c2d8ed5fcc1612449686a71f') in 1.362984 seconds 
  Import took 1.370639 seconds .

========================================================================
Received Import Request.
  Time since last request: 0.000368 seconds.
  path: Assets/Material/floor_green.mat
  artifactKey: Guid(10e26b32e72a94e44af0bb8f4644f0d9) Importer(815301076,1909f56bfc062723c751e8b465ee728b)
Start importing Assets/Material/floor_green.mat using Guid(10e26b32e72a94e44af0bb8f4644f0d9) Importer(815301076,1909f56bfc062723c751e8b465ee728b)  -> (artifact id: '89a342193e7b76696e1a7c119778e678') in 0.017746 seconds 
  Import took 0.021982 seconds .

